Experiments/Ryan-McFadden/volleyEx2 2/AndroidExample/app/build/intermediates/manifest_merge_blame_file/debug/manifest-merger-blame-debug-report.txt
1<?xml version="1.0" encoding="utf-8"?>
2<manifest xmlns:android="http://schemas.android.com/apk/res/android"
3    package="com.example.androidexample"
4    android:versionCode="1"
5    android:versionName="1.0" >
6
7    <uses-sdk
8        android:minSdkVersion="24"
9        android:targetSdkVersion="33" />
10
11    <uses-permission android:name="android.permission.INTERNET" />
11-->src/main/AndroidManifest.xml:4:5-67
11-->src/main/AndroidManifest.xml:4:22-64
12
13    <permission
13-->[androidx.core:core:1.9.0] AndroidManifest.xml:22:5-24:47
14        android:name="com.example.androidexample.DYNAMIC_RECEIVER_NOT_EXPORTED_PERMISSION"
14-->[androidx.core:core:1.9.0] AndroidManifest.xml:23:9-81
15        android:protectionLevel="signature" />
15-->[androidx.core:core:1.9.0] AndroidManifest.xml:24:9-44
16
17    <uses-permission android:name="com.example.androidexample.DYNAMIC_RECEIVER_NOT_EXPORTED_PERMISSION" />
17-->[androidx.core:core:1.9.0] AndroidManifest.xml:26:5-97
17-->[androidx.core:core:1.9.0] AndroidManifest.xml:26:22-94
18
19    <application
19-->src/main/AndroidManifest.xml:6:5-44:19
20        android:allowBackup="true"
20-->src/main/AndroidManifest.xml:8:9-35
21        android:appComponentFactory="androidx.core.app.CoreComponentFactory"
21-->[androidx.core:core:1.9.0] AndroidManifest.xml:28:18-86
22        android:dataExtractionRules="@xml/data_extraction_rules"
22-->src/main/AndroidManifest.xml:9:9-65
23        android:debuggable="true"
24        android:extractNativeLibs="false"
25        android:fullBackupContent="@xml/backup_rules"
25-->src/main/AndroidManifest.xml:10:9-54
26        android:icon="@mipmap/ic_launcher"
26-->src/main/AndroidManifest.xml:11:9-43
27        android:label="@string/app_name"
27-->src/main/AndroidManifest.xml:12:9-41
28        android:roundIcon="@mipmap/ic_launcher_round"
28-->src/main/AndroidManifest.xml:13:9-54
29        android:supportsRtl="true"
29-->src/main/AndroidManifest.xml:14:9-35
30        android:testOnly="true"
31        android:theme="@style/Theme.AndroidExample"
31-->src/main/AndroidManifest.xml:15:9-52
32        android:usesCleartextTraffic="true" >
32-->src/main/AndroidManifest.xml:7:9-44
33        <activity
33-->src/main/AndroidManifest.xml:17:9-19:40
34            android:name="com.example.androidexample.JsonArrReqActivity"
34-->src/main/AndroidManifest.xml:18:13-47
35            android:exported="false" />
35-->src/main/AndroidManifest.xml:19:13-37
36        <activity
36-->src/main/AndroidManifest.xml:20:9-22:40
37            android:name="com.example.androidexample.JsonObjReqActivity"
37-->src/main/AndroidManifest.xml:21:13-47
38            android:exported="false" />
38-->src/main/AndroidManifest.xml:22:13-37
39        <activity
39-->src/main/AndroidManifest.xml:23:9-25:40
40            android:name="com.example.androidexample.ImageReqActivity"
40-->src/main/AndroidManifest.xml:24:13-45
41            android:exported="false" />
41-->src/main/AndroidManifest.xml:25:13-37
42        <activity
42-->src/main/AndroidManifest.xml:26:9-28:40
43            android:name="com.example.androidexample.StringReqActivity"
43-->src/main/AndroidManifest.xml:27:13-46
44            android:exported="false" />
44-->src/main/AndroidManifest.xml:28:13-37
45        <activity
45-->src/main/AndroidManifest.xml:29:9-31:40
46            android:name="com.example.androidexample.ViewRecipeActivity"
46-->src/main/AndroidManifest.xml:30:13-47
47            android:exported="false" />
47-->src/main/AndroidManifest.xml:31:13-37
48        <activity
48-->src/main/AndroidManifest.xml:32:9-34:40
49            android:name="com.example.androidexample.PostActivity"
49-->src/main/AndroidManifest.xml:33:13-41
50            android:exported="false" />
50-->src/main/AndroidManifest.xml:34:13-37
51        <activity
51-->src/main/AndroidManifest.xml:35:9-43:20
52            android:name="com.example.androidexample.MainActivity"
52-->src/main/AndroidManifest.xml:36:13-41
53            android:exported="true" >
53-->src/main/AndroidManifest.xml:37:13-36
54            <intent-filter>
54-->src/main/AndroidManifest.xml:38:13-42:29
55                <action android:name="android.intent.action.MAIN" />
55-->src/main/AndroidManifest.xml:39:17-69
55-->src/main/AndroidManifest.xml:39:25-66
56
57                <category android:name="android.intent.category.LAUNCHER" />
57-->src/main/AndroidManifest.xml:41:17-77
57-->src/main/AndroidManifest.xml:41:27-74
58            </intent-filter>
59        </activity>
60
61        <provider
61-->[androidx.emoji2:emoji2:1.2.0] AndroidManifest.xml:24:9-32:20
62            android:name="androidx.startup.InitializationProvider"
62-->[androidx.emoji2:emoji2:1.2.0] AndroidManifest.xml:25:13-67
63            android:authorities="com.example.androidexample.androidx-startup"
63-->[androidx.emoji2:emoji2:1.2.0] AndroidManifest.xml:26:13-68
64            android:exported="false" >
64-->[androidx.emoji2:emoji2:1.2.0] AndroidManifest.xml:27:13-37
65            <meta-data
65-->[androidx.emoji2:emoji2:1.2.0] AndroidManifest.xml:29:13-31:52
66                android:name="androidx.emoji2.text.EmojiCompatInitializer"
66-->[androidx.emoji2:emoji2:1.2.0] AndroidManifest.xml:30:17-75
67                android:value="androidx.startup" />
67-->[androidx.emoji2:emoji2:1.2.0] AndroidManifest.xml:31:17-49
68            <meta-data
68-->[androidx.lifecycle:lifecycle-process:2.4.1] AndroidManifest.xml:31:13-33:52
69                android:name="androidx.lifecycle.ProcessLifecycleInitializer"
69-->[androidx.lifecycle:lifecycle-process:2.4.1] AndroidManifest.xml:32:17-78
70                android:value="androidx.startup" />
70-->[androidx.lifecycle:lifecycle-process:2.4.1] AndroidManifest.xml:33:17-49
71        </provider>
72    </application>
73
74</manifest>